This is pdfTeX, Version 3.141592653-2.6-1.40.25 (TeX Live 2023) (preloaded format=pdflatex 2023.8.24)  23 OCT 2024 09:44
entering extended mode
 restricted \write18 enabled.
 file:line:error style messages enabled.
 %&-line parsing enabled.
**"/Users/johannes/Dropbox (Personal)/research/HoLE Job Search - UI - ALMP/Search Model Simulation/Python/public/search_model_2Type/log/Est1_compiled.tex"
(/Users/johannes/Dropbox (Personal)/research/HoLE Job Search - UI - ALMP/Search Model Simulation/Python/public/search_model_2Type/log/Est1_compiled.tex
LaTeX2e <2022-11-01> patch level 1
L3 programming layer <2023-02-22> (/usr/local/texlive/2023/texmf-dist/tex/latex/base/article.cls
Document Class: article 2022/07/02 v1.4n Standard LaTeX document class
(/usr/local/texlive/2023/texmf-dist/tex/latex/base/size10.clo
File: size10.clo 2022/07/02 v1.4n Standard LaTeX file (size option)
)
\c@part=\count185
\c@section=\count186
\c@subsection=\count187
\c@subsubsection=\count188
\c@paragraph=\count189
\c@subparagraph=\count190
\c@figure=\count191
\c@table=\count192
\abovecaptionskip=\skip48
\belowcaptionskip=\skip49
\bibindent=\dimen140
) (/usr/local/texlive/2023/texmf-dist/tex/latex/amsfonts/amssymb.sty
Package: amssymb 2013/01/14 v3.01 AMS font symbols
 (/usr/local/texlive/2023/texmf-dist/tex/latex/amsfonts/amsfonts.sty
Package: amsfonts 2013/01/14 v3.01 Basic AMSFonts support
\@emptytoks=\toks16
\symAMSa=\mathgroup4
\symAMSb=\mathgroup5
LaTeX Font Info:    Redeclaring math symbol \hbar on input line 98.
LaTeX Font Info:    Overwriting math alphabet `\mathfrak' in version `bold'
(Font)                  U/euf/m/n --> U/euf/b/n on input line 106.
)) (/usr/local/texlive/2023/texmf-dist/tex/latex/amsmath/amsmath.sty
Package: amsmath 2022/04/08 v2.17n AMS math features
\@mathmargin=\skip50

For additional information on amsmath, use the `?' option.
(/usr/local/texlive/2023/texmf-dist/tex/latex/amsmath/amstext.sty
Package: amstext 2021/08/26 v2.01 AMS text
 (/usr/local/texlive/2023/texmf-dist/tex/latex/amsmath/amsgen.sty
File: amsgen.sty 1999/11/30 v2.0 generic functions
\@emptytoks=\toks17
\ex@=\dimen141
)) (/usr/local/texlive/2023/texmf-dist/tex/latex/amsmath/amsbsy.sty
Package: amsbsy 1999/11/29 v1.2d Bold Symbols
\pmbraise@=\dimen142
) (/usr/local/texlive/2023/texmf-dist/tex/latex/amsmath/amsopn.sty
Package: amsopn 2022/04/08 v2.04 operator names
)
\inf@bad=\count193
LaTeX Info: Redefining \frac on input line 234.
\uproot@=\count194
\leftroot@=\count195
LaTeX Info: Redefining \overline on input line 399.
LaTeX Info: Redefining \colon on input line 410.
\classnum@=\count196
\DOTSCASE@=\count197
LaTeX Info: Redefining \ldots on input line 496.
LaTeX Info: Redefining \dots on input line 499.
LaTeX Info: Redefining \cdots on input line 620.
\Mathstrutbox@=\box51
\strutbox@=\box52
LaTeX Info: Redefining \big on input line 722.
LaTeX Info: Redefining \Big on input line 723.
LaTeX Info: Redefining \bigg on input line 724.
LaTeX Info: Redefining \Bigg on input line 725.
\big@size=\dimen143
LaTeX Font Info:    Redeclaring font encoding OML on input line 743.
LaTeX Font Info:    Redeclaring font encoding OMS on input line 744.
\macc@depth=\count198
LaTeX Info: Redefining \bmod on input line 905.
LaTeX Info: Redefining \pmod on input line 910.
LaTeX Info: Redefining \smash on input line 940.
LaTeX Info: Redefining \relbar on input line 970.
LaTeX Info: Redefining \Relbar on input line 971.
\c@MaxMatrixCols=\count199
\dotsspace@=\muskip16
\c@parentequation=\count266
\dspbrk@lvl=\count267
\tag@help=\toks18
\row@=\count268
\column@=\count269
\maxfields@=\count270
\andhelp@=\toks19
\eqnshift@=\dimen144
\alignsep@=\dimen145
\tagshift@=\dimen146
\tagwidth@=\dimen147
\totwidth@=\dimen148
\lineht@=\dimen149
\@envbody=\toks20
\multlinegap=\skip51
\multlinetaggap=\skip52
\mathdisplay@stack=\toks21
LaTeX Info: Redefining \[ on input line 2953.
LaTeX Info: Redefining \] on input line 2954.
) (/usr/local/texlive/2023/texmf-dist/tex/latex/amscls/amsthm.sty
Package: amsthm 2020/05/29 v2.20.6
\thm@style=\toks22
\thm@bodyfont=\toks23
\thm@headfont=\toks24
\thm@notefont=\toks25
\thm@headpunct=\toks26
\thm@preskip=\skip53
\thm@postskip=\skip54
\thm@headsep=\skip55
\dth@everypar=\toks27
) (/usr/local/texlive/2023/texmf-dist/tex/latex/tools/verbatim.sty
Package: verbatim 2022-07-02 v1.5u LaTeX2e package for verbatim enhancements
\every@verbatim=\toks28
\verbatim@line=\toks29
\verbatim@in@stream=\read2
) (/usr/local/texlive/2023/texmf-dist/tex/latex/esint/esint.sty
Package: esint 
\symlargesymbolsA=\mathgroup6
) (/usr/local/texlive/2023/texmf-dist/tex/latex/tools/multicol.sty
Package: multicol 2021/11/30 v1.9d multicolumn formatting (FMi)
\c@tracingmulticols=\count271
\mult@box=\box53
\multicol@leftmargin=\dimen150
\c@unbalance=\count272
\c@collectmore=\count273
\doublecol@number=\count274
\multicoltolerance=\count275
\multicolpretolerance=\count276
\full@width=\dimen151
\page@free=\dimen152
\premulticols=\dimen153
\postmulticols=\dimen154
\multicolsep=\skip56
\multicolbaselineskip=\skip57
\partial@page=\box54
\last@line=\box55
\maxbalancingoverflow=\dimen155
\mult@rightbox=\box56
\mult@grightbox=\box57
\mult@firstbox=\box58
\mult@gfirstbox=\box59
\@tempa=\box60
\@tempa=\box61
\@tempa=\box62
\@tempa=\box63
\@tempa=\box64
\@tempa=\box65
\@tempa=\box66
\@tempa=\box67
\@tempa=\box68
\@tempa=\box69
\@tempa=\box70
\@tempa=\box71
\@tempa=\box72
\@tempa=\box73
\@tempa=\box74
\@tempa=\box75
\@tempa=\box76
\@tempa=\box77
\@tempa=\box78
\@tempa=\box79
\@tempa=\box80
\@tempa=\box81
\@tempa=\box82
\@tempa=\box83
\@tempa=\box84
\@tempa=\box85
\@tempa=\box86
\@tempa=\box87
\@tempa=\box88
\@tempa=\box89
\@tempa=\box90
\@tempa=\box91
\@tempa=\box92
\@tempa=\box93
\@tempa=\box94
\@tempa=\box95
\c@minrows=\count277
\c@columnbadness=\count278
\c@finalcolumnbadness=\count279
\last@try=\dimen156
\multicolovershoot=\dimen157
\multicolundershoot=\dimen158
\mult@nat@firstbox=\box96
\colbreak@box=\box97
\mc@col@check@num=\count280
) (/usr/local/texlive/2023/texmf-dist/tex/latex/enumitem/enumitem.sty
Package: enumitem 2019/06/20 v3.9 Customized lists
\enitkv@toks@=\toks30
\labelindent=\skip58
\enit@outerparindent=\dimen159
\enit@toks=\toks31
\enit@inbox=\box98
\enit@count@id=\count281
\enitdp@description=\count282
) (/usr/local/texlive/2023/texmf-dist/tex/latex/natbib/natbib.sty
Package: natbib 2010/09/13 8.31b (PWD, AO)
\bibhang=\skip59
\bibsep=\skip60
LaTeX Info: Redefining \cite on input line 694.
\c@NAT@ctr=\count283
) (/usr/local/texlive/2023/texmf-dist/tex/latex/geometry/geometry.sty
Package: geometry 2020/01/02 v5.9 Page Geometry
 (/usr/local/texlive/2023/texmf-dist/tex/latex/graphics/keyval.sty
Package: keyval 2022/05/29 v1.15 key=value parser (DPC)
\KV@toks@=\toks32
) (/usr/local/texlive/2023/texmf-dist/tex/generic/iftex/ifvtex.sty
Package: ifvtex 2019/10/25 v1.7 ifvtex legacy package. Use iftex instead.
 (/usr/local/texlive/2023/texmf-dist/tex/generic/iftex/iftex.sty
Package: iftex 2022/02/03 v1.0f TeX engine tests
))
\Gm@cnth=\count284
\Gm@cntv=\count285
\c@Gm@tempcnt=\count286
\Gm@bindingoffset=\dimen160
\Gm@wd@mp=\dimen161
\Gm@odd@mp=\dimen162
\Gm@even@mp=\dimen163
\Gm@layoutwidth=\dimen164
\Gm@layoutheight=\dimen165
\Gm@layouthoffset=\dimen166
\Gm@layoutvoffset=\dimen167
\Gm@dimlist=\toks33
) (/usr/local/texlive/2023/texmf-dist/tex/latex/fancyhdr/fancyhdr.sty
Package: fancyhdr 2022/11/09 v4.1 Extensive control of page headers and footers
\f@nch@headwidth=\skip61
\f@nch@O@elh=\skip62
\f@nch@O@erh=\skip63
\f@nch@O@olh=\skip64
\f@nch@O@orh=\skip65
\f@nch@O@elf=\skip66
\f@nch@O@erf=\skip67
\f@nch@O@olf=\skip68
\f@nch@O@orf=\skip69
) (/usr/local/texlive/2023/texmf-dist/tex/latex/titlesec/titlesec.sty
Package: titlesec 2021/07/05 v2.14 Sectioning titles
\ttl@box=\box99
\beforetitleunit=\skip70
\aftertitleunit=\skip71
\ttl@plus=\dimen168
\ttl@minus=\dimen169
\ttl@toksa=\toks34
\titlewidth=\dimen170
\titlewidthlast=\dimen171
\titlewidthfirst=\dimen172
) (/usr/local/texlive/2023/texmf-dist/tex/latex/bbm-macros/bbm.sty
Package: bbm 1999/03/15 V 1.2 provides fonts for set symbols - TH
LaTeX Font Info:    Overwriting math alphabet `\mathbbm' in version `bold'
(Font)                  U/bbm/m/n --> U/bbm/bx/n on input line 33.
LaTeX Font Info:    Overwriting math alphabet `\mathbbmss' in version `bold'
(Font)                  U/bbmss/m/n --> U/bbmss/bx/n on input line 35.
) (/usr/local/texlive/2023/texmf-dist/tex/latex/graphics/graphicx.sty
Package: graphicx 2021/09/16 v1.2d Enhanced LaTeX Graphics (DPC,SPQR)
 (/usr/local/texlive/2023/texmf-dist/tex/latex/graphics/graphics.sty
Package: graphics 2022/03/10 v1.4e Standard LaTeX Graphics (DPC,SPQR)
 (/usr/local/texlive/2023/texmf-dist/tex/latex/graphics/trig.sty
Package: trig 2021/08/11 v1.11 sin cos tan (DPC)
) (/usr/local/texlive/2023/texmf-dist/tex/latex/graphics-cfg/graphics.cfg
File: graphics.cfg 2016/06/04 v1.11 sample graphics configuration
)
Package graphics Info: Driver file: pdftex.def on input line 107.
 (/usr/local/texlive/2023/texmf-dist/tex/latex/graphics-def/pdftex.def
File: pdftex.def 2022/09/22 v1.2b Graphics/color driver for pdftex
))
\Gin@req@height=\dimen173
\Gin@req@width=\dimen174
) (/usr/local/texlive/2023/texmf-dist/tex/latex/caption/subcaption.sty
Package: subcaption 2023/02/19 v1.6 Sub-captions (AR)
 (/usr/local/texlive/2023/texmf-dist/tex/latex/caption/caption.sty
Package: caption 2023/03/12 v3.6j Customizing captions (AR)
 (/usr/local/texlive/2023/texmf-dist/tex/latex/caption/caption3.sty
Package: caption3 2023/03/12 v2.4 caption3 kernel (AR)
\caption@tempdima=\dimen175
\captionmargin=\dimen176
\caption@leftmargin=\dimen177
\caption@rightmargin=\dimen178
\caption@width=\dimen179
\caption@indent=\dimen180
\caption@parindent=\dimen181
\caption@hangindent=\dimen182
Package caption Info: Standard document class detected.
)
\c@caption@flags=\count287
\c@continuedfloat=\count288
)
Package caption Info: New subtype `subfigure' on input line 239.
\c@subfigure=\count289
Package caption Info: New subtype `subtable' on input line 239.
\c@subtable=\count290
) (/usr/local/texlive/2023/texmf-dist/tex/latex/pdflscape/pdflscape.sty
Package: pdflscape 2022-10-27 v0.13 Display of landscape pages in PDF
 (/usr/local/texlive/2023/texmf-dist/tex/latex/pdflscape/pdflscape-nometadata.sty
Package: pdflscape-nometadata 2022-10-28 v0.13 Display of landscape pages in PDF (HO)
 (/usr/local/texlive/2023/texmf-dist/tex/latex/graphics/lscape.sty
Package: lscape 2020/05/28 v3.02 Landscape Pages (DPC)
)
Package pdflscape Info: Auto-detected driver: pdftex on input line 81.
)) (/usr/local/texlive/2023/texmf-dist/tex/latex/graphics/color.sty
Package: color 2022/01/06 v1.3d Standard LaTeX Color (DPC)
 (/usr/local/texlive/2023/texmf-dist/tex/latex/graphics-cfg/color.cfg
File: color.cfg 2016/01/02 v1.6 sample color configuration
)
Package color Info: Driver file: pdftex.def on input line 149.
 (/usr/local/texlive/2023/texmf-dist/tex/latex/graphics/mathcolor.ltx)) (/usr/local/texlive/2023/texmf-dist/tex/latex/mdwtools/footnote.sty
Package: footnote 1997/01/28 1.13 Save footnotes around boxes
\fn@notes=\box100
\fn@width=\dimen183
) (/usr/local/texlive/2023/texmf-dist/tex/latex/booktabs/booktabs.sty
Package: booktabs 2020/01/12 v1.61803398 Publication quality tables
\heavyrulewidth=\dimen184
\lightrulewidth=\dimen185
\cmidrulewidth=\dimen186
\belowrulesep=\dimen187
\belowbottomsep=\dimen188
\aboverulesep=\dimen189
\abovetopsep=\dimen190
\cmidrulesep=\dimen191
\cmidrulekern=\dimen192
\defaultaddspace=\dimen193
\@cmidla=\count291
\@cmidlb=\count292
\@aboverulesep=\dimen194
\@belowrulesep=\dimen195
\@thisruleclass=\count293
\@lastruleclass=\count294
\@thisrulewidth=\dimen196
) (/usr/local/texlive/2023/texmf-dist/tex/latex/threeparttable/threeparttable.sty
Package: threeparttable 2003/06/13  v 3.0
\@tempboxb=\box101
) (/usr/local/texlive/2023/texmf-dist/tex/latex/setspace/setspace.sty
Package: setspace 2022/12/04 v6.7b set line spacing
)

Package fancyhdr Warning: \fancyhead's `E' option without twoside option is useless.
(fancyhdr)                Please consider using the `twoside' option on input line 24.

(/usr/local/texlive/2023/texmf-dist/tex/latex/l3backend/l3backend-pdftex.def
File: l3backend-pdftex.def 2023-01-16 L3 backend support: PDF output (pdfTeX)
\l__color_backend_stack_int=\count295
\l__pdf_internal_box=\box102
)

LaTeX Warning: Unused global option(s):
    [letter].

(./Est1_compiled.aux)
\openout1 = `Est1_compiled.aux'.

LaTeX Font Info:    Checking defaults for OML/cmm/m/it on input line 26.
LaTeX Font Info:    ... okay on input line 26.
LaTeX Font Info:    Checking defaults for OMS/cmsy/m/n on input line 26.
LaTeX Font Info:    ... okay on input line 26.
LaTeX Font Info:    Checking defaults for OT1/cmr/m/n on input line 26.
LaTeX Font Info:    ... okay on input line 26.
LaTeX Font Info:    Checking defaults for T1/cmr/m/n on input line 26.
LaTeX Font Info:    ... okay on input line 26.
LaTeX Font Info:    Checking defaults for TS1/cmr/m/n on input line 26.
LaTeX Font Info:    ... okay on input line 26.
LaTeX Font Info:    Checking defaults for OMX/cmex/m/n on input line 26.
LaTeX Font Info:    ... okay on input line 26.
LaTeX Font Info:    Checking defaults for U/cmr/m/n on input line 26.
LaTeX Font Info:    ... okay on input line 26.

*geometry* driver: auto-detecting
*geometry* detected driver: pdftex
*geometry* verbose mode - [ preamble ] result:
* driver: pdftex
* paper: <default>
* layout: <same size as paper>
* layoutoffset:(h,v)=(0.0pt,0.0pt)
* modes: 
* h-part:(L,W,R)=(47.69846pt, 518.89809pt, 47.69846pt)
* v-part:(T,H,B)=(47.69846pt, 699.57307pt, 47.69846pt)
* \paperwidth=614.295pt
* \paperheight=794.96999pt
* \textwidth=518.89809pt
* \textheight=699.57307pt
* \oddsidemargin=-24.57153pt
* \evensidemargin=-24.57153pt
* \topmargin=-61.57153pt
* \headheight=12.0pt
* \headsep=25.0pt
* \topskip=10.0pt
* \footskip=30.0pt
* \marginparwidth=65.0pt
* \marginparsep=11.0pt
* \columnsep=10.0pt
* \skip\footins=9.0pt plus 4.0pt minus 2.0pt
* \hoffset=0.0pt
* \voffset=0.0pt
* \mag=1000
* \@twocolumnfalse
* \@twosidefalse
* \@mparswitchfalse
* \@reversemarginfalse
* (1in=72.27pt=25.4mm, 1cm=28.453pt)

(/usr/local/texlive/2023/texmf-dist/tex/context/base/mkii/supp-pdf.mkii
[Loading MPS to PDF converter (version 2006.09.02).]
\scratchcounter=\count296
\scratchdimen=\dimen197
\scratchbox=\box103
\nofMPsegments=\count297
\nofMParguments=\count298
\everyMPshowfont=\toks35
\MPscratchCnt=\count299
\MPscratchDim=\dimen198
\MPnumerator=\count300
\makeMPintoPDFobject=\count301
\everyMPtoPDFconversion=\toks36
) (/usr/local/texlive/2023/texmf-dist/tex/latex/epstopdf-pkg/epstopdf-base.sty
Package: epstopdf-base 2020-01-24 v2.11 Base part for package epstopdf
Package epstopdf-base Info: Redefining graphics rule for `.eps' on input line 485.
 (/usr/local/texlive/2023/texmf-dist/tex/latex/latexconfig/epstopdf-sys.cfg
File: epstopdf-sys.cfg 2010/07/13 v1.3 Configuration of (r)epstopdf for TeX Live
))
Package caption Info: Begin \AtBeginDocument code.
Package caption Info: threeparttable package is loaded.
Package caption Info: End \AtBeginDocument code.
LaTeX Font Info:    Trying to load font information for U+msa on input line 30.
 (/usr/local/texlive/2023/texmf-dist/tex/latex/amsfonts/umsa.fd
File: umsa.fd 2013/01/14 v3.01 AMS symbols A
)
LaTeX Font Info:    Trying to load font information for U+msb on input line 30.
 (/usr/local/texlive/2023/texmf-dist/tex/latex/amsfonts/umsb.fd
File: umsb.fd 2013/01/14 v3.01 AMS symbols B
)
LaTeX Font Info:    Trying to load font information for U+esint on input line 30.
 (/usr/local/texlive/2023/texmf-dist/tex/latex/esint/uesint.fd
File: uesint.fd 
)

LaTeX Warning: `h' float specifier changed to `ht'.

<figures_Est1_compiled/fig_haz.pdf, id=1, 402.28856pt x 327.20317pt>
File: figures_Est1_compiled/fig_haz.pdf Graphic file (type pdf)
<use figures_Est1_compiled/fig_haz.pdf>
Package pdftex.def Info: figures_Est1_compiled/fig_haz.pdf  used on input line 94.
(pdftex.def)             Requested size: 352.8469pt x 286.99106pt.
[1{/usr/local/texlive/2023/texmf-var/fonts/map/pdftex/updmap/pdftex.map}

]
<figures_Est1_compiled/fig_wage.pdf, id=10, 395.90533pt x 327.20317pt>
File: figures_Est1_compiled/fig_wage.pdf Graphic file (type pdf)
<use figures_Est1_compiled/fig_wage.pdf>
Package pdftex.def Info: figures_Est1_compiled/fig_wage.pdf  used on input line 99.
(pdftex.def)             Requested size: 352.8469pt x 291.63428pt.
 [2 <./figures_Est1_compiled/fig_haz.pdf>] [3 <./figures_Est1_compiled/fig_wage.pdf>]
<figures_Est1_compiled/fig_type_agg_s.pdf, id=92, 387.22481pt x 211.85524pt>
File: figures_Est1_compiled/fig_type_agg_s.pdf Graphic file (type pdf)
<use figures_Est1_compiled/fig_type_agg_s.pdf>
Package pdftex.def Info: figures_Est1_compiled/fig_type_agg_s.pdf  used on input line 104.
(pdftex.def)             Requested size: 233.50255pt x 127.75095pt.
<figures_Est1_compiled/fig_type_agg_phi.pdf, id=94, 387.22481pt x 211.85524pt>
File: figures_Est1_compiled/fig_type_agg_phi.pdf Graphic file (type pdf)
<use figures_Est1_compiled/fig_type_agg_phi.pdf>
Package pdftex.def Info: figures_Est1_compiled/fig_type_agg_phi.pdf  used on input line 105.
(pdftex.def)             Requested size: 233.50255pt x 127.75095pt.
<figures_Est1_compiled/fig_type_agg_surv.pdf, id=96, 387.22481pt x 211.85524pt>
File: figures_Est1_compiled/fig_type_agg_surv.pdf Graphic file (type pdf)
<use figures_Est1_compiled/fig_type_agg_surv.pdf>
Package pdftex.def Info: figures_Est1_compiled/fig_type_agg_surv.pdf  used on input line 110.
(pdftex.def)             Requested size: 233.50255pt x 127.75095pt.
<figures_Est1_compiled/fig_type_agg_share.pdf, id=98, 387.22481pt x 211.85524pt>
File: figures_Est1_compiled/fig_type_agg_share.pdf Graphic file (type pdf)
<use figures_Est1_compiled/fig_type_agg_share.pdf>
Package pdftex.def Info: figures_Est1_compiled/fig_type_agg_share.pdf  used on input line 111.
(pdftex.def)             Requested size: 233.50255pt x 127.75095pt.
<figures_Est1_compiled/fig_type_agg_hazard.pdf, id=100, 393.60803pt x 211.85524pt>
File: figures_Est1_compiled/fig_type_agg_hazard.pdf Graphic file (type pdf)
<use figures_Est1_compiled/fig_type_agg_hazard.pdf>
Package pdftex.def Info: figures_Est1_compiled/fig_type_agg_hazard.pdf  used on input line 115.
(pdftex.def)             Requested size: 233.50255pt x 125.68205pt.
<figures_Est1_compiled/fig_type_agg_w.pdf, id=102, 393.60803pt x 211.85524pt>
File: figures_Est1_compiled/fig_type_agg_w.pdf Graphic file (type pdf)
<use figures_Est1_compiled/fig_type_agg_w.pdf>
Package pdftex.def Info: figures_Est1_compiled/fig_type_agg_w.pdf  used on input line 116.
(pdftex.def)             Requested size: 233.50255pt x 125.68205pt.
<figures_Est1_compiled/fig_haz_agg.pdf, id=104, 393.60803pt x 215.66635pt>
File: figures_Est1_compiled/fig_haz_agg.pdf Graphic file (type pdf)
<use figures_Est1_compiled/fig_haz_agg.pdf>
Package pdftex.def Info: figures_Est1_compiled/fig_haz_agg.pdf  used on input line 121.
(pdftex.def)             Requested size: 233.50255pt x 127.94298pt.
<figures_Est1_compiled/fig_wage_agg.pdf, id=106, 393.60803pt x 211.85524pt>
File: figures_Est1_compiled/fig_wage_agg.pdf Graphic file (type pdf)
<use figures_Est1_compiled/fig_wage_agg.pdf>
Package pdftex.def Info: figures_Est1_compiled/fig_wage_agg.pdf  used on input line 122.
(pdftex.def)             Requested size: 233.50255pt x 125.68205pt.
 [4 <./figures_Est1_compiled/fig_type_agg_s.pdf> <./figures_Est1_compiled/fig_type_agg_phi.pdf> <./figures_Est1_compiled/fig_type_agg_surv.pdf> <./figures_Est1_compiled/fig_type_agg_share.pdf> <./figures_Est1_compiled/fig_type_agg_hazard.pdf> <./figures_Est1_compiled/fig_type_agg_w.pdf> <./figures_Est1_compiled/fig_haz_agg.pdf> <./figures_Est1_compiled/fig_wage_agg.pdf>]
<figures_Est1_compiled/fig_type1_s.pdf, id=377, 393.60803pt x 295.32709pt>
File: figures_Est1_compiled/fig_type1_s.pdf Graphic file (type pdf)
<use figures_Est1_compiled/fig_type1_s.pdf>
Package pdftex.def Info: figures_Est1_compiled/fig_type1_s.pdf  used on input line 127.
(pdftex.def)             Requested size: 233.50255pt x 175.20131pt.
<figures_Est1_compiled/fig_type1_phi.pdf, id=379, 399.99126pt x 295.32709pt>
File: figures_Est1_compiled/fig_type1_phi.pdf Graphic file (type pdf)
<use figures_Est1_compiled/fig_type1_phi.pdf>
Package pdftex.def Info: figures_Est1_compiled/fig_type1_phi.pdf  used on input line 128.
(pdftex.def)             Requested size: 233.50255pt x 172.40288pt.
<figures_Est1_compiled/fig_type1_hazard.pdf, id=381, 393.60803pt x 295.32709pt>
File: figures_Est1_compiled/fig_type1_hazard.pdf Graphic file (type pdf)
<use figures_Est1_compiled/fig_type1_hazard.pdf>
Package pdftex.def Info: figures_Est1_compiled/fig_type1_hazard.pdf  used on input line 130.
(pdftex.def)             Requested size: 233.50255pt x 175.20131pt.
<figures_Est1_compiled/fig_type1_w.pdf, id=383, 399.99126pt x 295.32709pt>
File: figures_Est1_compiled/fig_type1_w.pdf Graphic file (type pdf)
<use figures_Est1_compiled/fig_type1_w.pdf>
Package pdftex.def Info: figures_Est1_compiled/fig_type1_w.pdf  used on input line 131.
(pdftex.def)             Requested size: 233.50255pt x 172.40288pt.
 [5 <./figures_Est1_compiled/fig_type1_s.pdf> <./figures_Est1_compiled/fig_type1_phi.pdf> <./figures_Est1_compiled/fig_type1_hazard.pdf> <./figures_Est1_compiled/fig_type1_w.pdf>]
<figures_Est1_compiled/fig_type2_s.pdf, id=524, 406.37447pt x 295.32709pt>
File: figures_Est1_compiled/fig_type2_s.pdf Graphic file (type pdf)
<use figures_Est1_compiled/fig_type2_s.pdf>
Package pdftex.def Info: figures_Est1_compiled/fig_type2_s.pdf  used on input line 136.
(pdftex.def)             Requested size: 233.50255pt x 169.69908pt.
<figures_Est1_compiled/fig_type2_phi.pdf, id=526, 393.60803pt x 295.32709pt>
File: figures_Est1_compiled/fig_type2_phi.pdf Graphic file (type pdf)
<use figures_Est1_compiled/fig_type2_phi.pdf>
Package pdftex.def Info: figures_Est1_compiled/fig_type2_phi.pdf  used on input line 137.
(pdftex.def)             Requested size: 233.50255pt x 175.20131pt.
<figures_Est1_compiled/fig_type2_hazard.pdf, id=528, 406.37447pt x 295.32709pt>
File: figures_Est1_compiled/fig_type2_hazard.pdf Graphic file (type pdf)
<use figures_Est1_compiled/fig_type2_hazard.pdf>
Package pdftex.def Info: figures_Est1_compiled/fig_type2_hazard.pdf  used on input line 139.
(pdftex.def)             Requested size: 233.50255pt x 169.69908pt.
<figures_Est1_compiled/fig_type2_w.pdf, id=530, 399.99126pt x 295.32709pt>
File: figures_Est1_compiled/fig_type2_w.pdf Graphic file (type pdf)
<use figures_Est1_compiled/fig_type2_w.pdf>
Package pdftex.def Info: figures_Est1_compiled/fig_type2_w.pdf  used on input line 140.
(pdftex.def)             Requested size: 233.50255pt x 172.40288pt.
 [6 <./figures_Est1_compiled/fig_type2_s.pdf> <./figures_Est1_compiled/fig_type2_phi.pdf> <./figures_Est1_compiled/fig_type2_hazard.pdf> <./figures_Est1_compiled/fig_type2_w.pdf>]
<figures_Est1_compiled/fig_type3_s.pdf, id=670, 393.60803pt x 295.32709pt>
File: figures_Est1_compiled/fig_type3_s.pdf Graphic file (type pdf)
<use figures_Est1_compiled/fig_type3_s.pdf>
Package pdftex.def Info: figures_Est1_compiled/fig_type3_s.pdf  used on input line 145.
(pdftex.def)             Requested size: 233.50255pt x 175.20131pt.
<figures_Est1_compiled/fig_type3_phi.pdf, id=672, 393.60803pt x 295.32709pt>
File: figures_Est1_compiled/fig_type3_phi.pdf Graphic file (type pdf)
<use figures_Est1_compiled/fig_type3_phi.pdf>
Package pdftex.def Info: figures_Est1_compiled/fig_type3_phi.pdf  used on input line 146.
(pdftex.def)             Requested size: 233.50255pt x 175.20131pt.
<figures_Est1_compiled/fig_type3_hazard.pdf, id=674, 406.37447pt x 295.32709pt>
File: figures_Est1_compiled/fig_type3_hazard.pdf Graphic file (type pdf)
<use figures_Est1_compiled/fig_type3_hazard.pdf>
Package pdftex.def Info: figures_Est1_compiled/fig_type3_hazard.pdf  used on input line 148.
(pdftex.def)             Requested size: 233.50255pt x 169.69908pt.
<figures_Est1_compiled/fig_type3_w.pdf, id=676, 393.60803pt x 295.32709pt>
File: figures_Est1_compiled/fig_type3_w.pdf Graphic file (type pdf)
<use figures_Est1_compiled/fig_type3_w.pdf>
Package pdftex.def Info: figures_Est1_compiled/fig_type3_w.pdf  used on input line 149.
(pdftex.def)             Requested size: 233.50255pt x 175.20131pt.
 [7 <./figures_Est1_compiled/fig_type3_s.pdf> <./figures_Est1_compiled/fig_type3_phi.pdf> <./figures_Est1_compiled/fig_type3_hazard.pdf> <./figures_Est1_compiled/fig_type3_w.pdf>] (./Est1_compiled.aux) ) 
Here is how much of TeX's memory you used:
 6639 strings out of 476025
 114088 string characters out of 5790017
 1859388 words of memory out of 5000000
 26990 multiletter control sequences out of 15000+600000
 514495 words of font info for 44 fonts, out of 8000000 for 9000
 1141 hyphenation exceptions out of 8191
 67i,12n,77p,445b,324s stack positions out of 10000i,1000n,20000p,200000b,200000s
</usr/local/texlive/2023/texmf-dist/fonts/type1/public/amsfonts/cm/cmbx10.pfb></usr/local/texlive/2023/texmf-dist/fonts/type1/public/amsfonts/cm/cmr10.pfb>
Output written on Est1_compiled.pdf (7 pages, 250147 bytes).
PDF statistics:
 828 PDF objects out of 1000 (max. 8388607)
 156 compressed objects within 2 object streams
 0 named destinations out of 1000 (max. 500000)
 243 words of extra memory for PDF output out of 10000 (max. 10000000)

